<!DOCTYPE html PUBLIC "-//W3C//DTD XHTML 1.1//EN" "https://www.w3.org/TR/xhtml11/DTD/xhtml11.dtd">
<html xmlns="https://www.w3.org/1999/xhtml">
<head>
<meta http-equiv="content-type" content="text/html; charset=UTF-8"/>
<title>TestNG Report</title>
<style type="text/css">table {margin-bottom:10px;border-collapse:collapse;empty-cells:show}th,td {border:1px solid #009;padding:.25em .5em}th {vertical-align:bottom}td {vertical-align:top}table a {font-weight:bold}.stripe td {background-color: #E6EBF9}.num {text-align:right}.passedodd td {background-color: #3F3}.passedeven td {background-color: #0A0}.skippedodd td {background-color: #DDD}.skippedeven td {background-color: #CCC}.failedodd td,.attn {background-color: #F33}.failedeven td,.stripe .attn {background-color: #D00}.stacktrace {white-space:pre;font-family:monospace}.totop {font-size:85%;text-align:center;border-bottom:2px solid #000}.invisible {display:none}</style>
</head>
<body>
<table>
<tr><th>Test</th><th># Passed</th><th># Skipped</th><th># Retried</th><th># Failed</th><th>Time (ms)</th><th>Included Groups</th><th>Excluded Groups</th></tr>
<tr><th colspan="8">Suite</th></tr>
<tr><td><a href="#t0">Test</a></td><td class="num">26</td><td class="num">0</td><td class="num">0</td><td class="num attn">7</td><td class="num">915,594</td><td></td><td></td></tr>
</table>
<table id='summary'><thead><tr><th>Class</th><th>Method</th><th>Start</th><th>Time (ms)</th></tr></thead><tbody><tr><th colspan="4">Suite</th></tr></tbody><tbody id="t0"><tr><th colspan="4">Test &#8212; failed</th></tr><tr class="failedeven"><td rowspan="1">SRSproject.SRSproject.BulkOrderPadTest</td><td><a href="#m0">ListofItem_Validation</a></td><td rowspan="1">1651041720597</td><td rowspan="1">6103</td></tr><tr class="failedodd"><td rowspan="1">SRSproject.SRSproject.CartPageTest</td><td><a href="#m1">Reorder_Validation</a></td><td rowspan="1">1651041386090</td><td rowspan="1">9062</td></tr><tr class="failedeven"><td rowspan="1">SRSproject.SRSproject.ChangeBranch_shipto_Test</td><td><a href="#m2">ChangeBranch_Validation</a></td><td rowspan="1">1651041976026</td><td rowspan="1">12232</td></tr><tr class="failedodd"><td rowspan="1">SRSproject.SRSproject.QuickOrderPadTest</td><td><a href="#m3">Quick_OrderPad_Validation</a></td><td rowspan="1">1651041451980</td><td rowspan="1">59684</td></tr><tr class="failedeven"><td rowspan="3">SRSproject.SRSproject.ReorderPage_Test</td><td><a href="#m4">CreateNewReorder_Redirection</a></td><td rowspan="1">1651041819132</td><td rowspan="1">16019</td></tr><tr class="failedeven"><td><a href="#m5">SaveAnReorderList_Validation</a></td><td rowspan="1">1651041809463</td><td rowspan="1">9563</td></tr><tr class="failedeven"><td><a href="#m6">View_Validation</a></td><td rowspan="1">1651041849025</td><td rowspan="1">21898</td></tr><tr><th colspan="4">Test &#8212; passed</th></tr><tr class="passedeven"><td rowspan="6">SRSproject.SRSproject.BulkOrderPadTest</td><td><a href="#m7">AddAll_ItemToCart_Validation</a></td><td rowspan="1">1651041719381</td><td rowspan="1">1215</td></tr><tr class="passedeven"><td><a href="#m8">AddItemtoBulkOrder_Validation</a></td><td rowspan="1">1651041673522</td><td rowspan="1">26360</td></tr><tr class="passedeven"><td><a href="#m9">AddNewLineItem_Validation</a></td><td rowspan="1">1651041699883</td><td rowspan="1">18357</td></tr><tr class="passedeven"><td><a href="#m10">BulOrder_Redirection</a></td><td rowspan="1">1651041642661</td><td rowspan="1">30860</td></tr><tr class="passedeven"><td><a href="#m11">InValid_FileUpload_Validation</a></td><td rowspan="1">1651041726819</td><td rowspan="1">15266</td></tr><tr class="passedeven"><td><a href="#m12">UpdateQunatity_Validation</a></td><td rowspan="1">1651041718242</td><td rowspan="1">1138</td></tr><tr class="passedodd"><td rowspan="5">SRSproject.SRSproject.CartPageTest</td><td><a href="#m13">AddItemToCart_Validation</a></td><td rowspan="1">1651041375795</td><td rowspan="1">10293</td></tr><tr class="passedodd"><td><a href="#m14">CartSubtotalValidationfn</a></td><td rowspan="1">1651041367195</td><td rowspan="1">287</td></tr><tr class="passedodd"><td><a href="#m15">CartUpdateValidation</a></td><td rowspan="1">1651041367483</td><td rowspan="1">8311</td></tr><tr class="passedodd"><td><a href="#m16">MiniCartToCartPage_Redirection</a></td><td rowspan="1">1651041270423</td><td rowspan="1">72545</td></tr><tr class="passedodd"><td><a href="#m17">ProductInformationValidation</a></td><td rowspan="1">1651041342968</td><td rowspan="1">24223</td></tr><tr class="passedeven"><td rowspan="1">SRSproject.SRSproject.ChangeBranch_shipto_Test</td><td><a href="#m18">Change_Shito_Validation</a></td><td rowspan="1">1651041915050</td><td rowspan="1">60974</td></tr><tr class="passedodd"><td rowspan="3">SRSproject.SRSproject.CheckoutPageTest</td><td><a href="#m19">CartToCheckout_Validation</a></td><td rowspan="1">1651041395277</td><td rowspan="1">51753</td></tr><tr class="passedodd"><td><a href="#m20">Date_Validation</a></td><td rowspan="1">1651041447031</td><td rowspan="1">3581</td></tr><tr class="passedodd"><td><a href="#m21">ProductList_Validation</a></td><td rowspan="1">1651041450613</td><td rowspan="1">1365</td></tr><tr class="passedeven"><td rowspan="2">SRSproject.SRSproject.ProductDetailPageTest</td><td><a href="#m22">AddingItemToCart</a></td><td rowspan="1">1651041200347</td><td rowspan="1">70073</td></tr><tr class="passedeven"><td><a href="#m23">PDP_RegisterRedirection_GuestValidation</a></td><td rowspan="1">1651041177727</td><td rowspan="1">22618</td></tr><tr class="passedodd"><td rowspan="2">SRSproject.SRSproject.ProductListPageTest</td><td><a href="#m24">AddToCart_Validation</a></td><td rowspan="1">1651041096499</td><td rowspan="1">81226</td></tr><tr class="passedodd"><td><a href="#m25">PLP_RegisterRedirection_GuestValidation</a></td><td rowspan="1">1651041072843</td><td rowspan="1">23650</td></tr><tr class="passedeven"><td rowspan="3">SRSproject.SRSproject.QuickOrderPadTest</td><td><a href="#m26">Quick_OrderPad_FileUpload_Validation</a></td><td rowspan="1">1651041511994</td><td rowspan="1">67729</td></tr><tr class="passedeven"><td><a href="#m27">Quick_OrderPad_InvalidFileUpload_Validation</a></td><td rowspan="1">1651041595929</td><td rowspan="1">46731</td></tr><tr class="passedeven"><td><a href="#m28">Quick_OrderPad_UploadedtoBulkOrder_Validation</a></td><td rowspan="1">1651041579724</td><td rowspan="1">16204</td></tr><tr class="passedodd"><td rowspan="4">SRSproject.SRSproject.ReorderPage_Test</td><td><a href="#m29">CreateNew_ReorderPad_Validation</a></td><td rowspan="1">1651041835262</td><td rowspan="1">13762</td></tr><tr class="passedodd"><td><a href="#m30">InvalidFile_Validation</a></td><td rowspan="1">1651041871082</td><td rowspan="1">43967</td></tr><tr class="passedodd"><td><a href="#m31">ReorderPage_Redirection</a></td><td rowspan="1">1651041742086</td><td rowspan="1">43701</td></tr><tr class="passedodd"><td><a href="#m32">UploadFile_Redirection</a></td><td rowspan="1">1651041785788</td><td rowspan="1">23674</td></tr></tbody>
</table>
<h2>Test</h2><h3 id="m0">SRSproject.SRSproject.BulkOrderPadTest#ListofItem_Validation</h3><table class="result"><tr><th>Exception</th></tr><tr><td><div class="stacktrace">org.openqa.selenium.ElementClickInterceptedException: element click intercepted: Element &lt;button class=&quot;amasty-action-file&quot; data-bind=&quot;i18n: &apos;...&apos;&quot; data-trigger=&quot;trigger-amasty-upload-modal&quot;&gt;Upload CSV&lt;/button&gt; is not clickable at point (102, 415). Other element would receive the click: &lt;div class=&quot;swal2-container swal2-center swal2-fade swal2-shown&quot; style=&quot;overflow-y: auto;&quot;&gt;...&lt;/div&gt;
  (Session info: chrome=100.0.4896.127)
Build info: version: &apos;3.141.59&apos;, revision: &apos;e82be7d358&apos;, time: &apos;2018-11-14T08:17:03&apos;
System info: host: &apos;L295-W-MARIRAJP&apos;, ip: &apos;192.168.1.2&apos;, os.name: &apos;Windows 10&apos;, os.arch: &apos;amd64&apos;, os.version: &apos;10.0&apos;, java.version: &apos;17.0.1&apos;
Driver info: org.openqa.selenium.chrome.ChromeDriver
Capabilities {acceptInsecureCerts: false, browserName: chrome, browserVersion: 100.0.4896.127, chrome: {chromedriverVersion: 100.0.4896.60 (6a5d10861ce8..., userDataDir: C:\Users\DELL\AppData\Local...}, goog:chromeOptions: {debuggerAddress: localhost:57898}, javascriptEnabled: true, networkConnectionEnabled: false, pageLoadStrategy: normal, platform: WINDOWS, platformName: WINDOWS, proxy: Proxy(), setWindowRect: true, strictFileInteractability: false, timeouts: {implicit: 0, pageLoad: 300000, script: 30000}, unhandledPromptBehavior: dismiss and notify, webauthn:extension:credBlob: true, webauthn:extension:largeBlob: true, webauthn:virtualAuthenticators: true}
Session ID: d8f210cec1f5219ad1030d610521b9af
	at org.openqa.selenium.remote.http.W3CHttpResponseCodec.createException(W3CHttpResponseCodec.java:187)
	at org.openqa.selenium.remote.http.W3CHttpResponseCodec.decode(W3CHttpResponseCodec.java:122)
	at org.openqa.selenium.remote.http.W3CHttpResponseCodec.decode(W3CHttpResponseCodec.java:49)
	at org.openqa.selenium.remote.HttpCommandExecutor.execute(HttpCommandExecutor.java:158)
	at org.openqa.selenium.remote.service.DriverCommandExecutor.execute(DriverCommandExecutor.java:83)
	at org.openqa.selenium.remote.RemoteWebDriver.execute(RemoteWebDriver.java:552)
	at org.openqa.selenium.remote.RemoteWebElement.execute(RemoteWebElement.java:285)
	at org.openqa.selenium.remote.RemoteWebElement.click(RemoteWebElement.java:84)
	at org.openqa.selenium.support.pagefactory.internal.LocatingElementHandler.invoke(LocatingElementHandler.java:51)
	at jdk.proxy2/jdk.proxy2.$Proxy11.click(Unknown Source)
	at Pages.BulkOrderPage.Fileupload(BulkOrderPage.java:189)
	at SRSproject.SRSproject.BulkOrderPadTest.ListofItem_Validation(BulkOrderPadTest.java:107)
	at java.base/java.util.ArrayList.forEach(ArrayList.java:1511)
... Removed 35 stack frames</div></td></tr></table><p class="totop"><a href="#summary">back to summary</a></p>
<h3 id="m1">SRSproject.SRSproject.CartPageTest#Reorder_Validation</h3><table class="result"><tr><th>Exception</th></tr><tr><td><div class="stacktrace">org.openqa.selenium.NoSuchElementException: Cannot locate option with value: 1233
For documentation on this error, please visit: https://www.seleniumhq.org/exceptions/no_such_element.html
Build info: version: &apos;3.141.59&apos;, revision: &apos;e82be7d358&apos;, time: &apos;2018-11-14T08:17:03&apos;
System info: host: &apos;L295-W-MARIRAJP&apos;, ip: &apos;192.168.1.2&apos;, os.name: &apos;Windows 10&apos;, os.arch: &apos;amd64&apos;, os.version: &apos;10.0&apos;, java.version: &apos;17.0.1&apos;
Driver info: driver.version: unknown
	at org.openqa.selenium.support.ui.Select.findOptionsByValue(Select.java:283)
	at org.openqa.selenium.support.ui.Select.selectByValue(Select.java:186)
	at Pages.CartPage.ReOrderSelection(CartPage.java:170)
	at SRSproject.SRSproject.CartPageTest.Reorder_Validation(CartPageTest.java:201)
	at java.base/java.util.ArrayList.forEach(ArrayList.java:1511)
... Removed 27 stack frames</div></td></tr></table><p class="totop"><a href="#summary">back to summary</a></p>
<h3 id="m2">SRSproject.SRSproject.ChangeBranch_shipto_Test#ChangeBranch_Validation</h3><table class="result"><tr><th>Exception</th></tr><tr><td><div class="stacktrace">org.openqa.selenium.NoSuchElementException: Cannot locate option with value: 10242
For documentation on this error, please visit: https://www.seleniumhq.org/exceptions/no_such_element.html
Build info: version: &apos;3.141.59&apos;, revision: &apos;e82be7d358&apos;, time: &apos;2018-11-14T08:17:03&apos;
System info: host: &apos;L295-W-MARIRAJP&apos;, ip: &apos;192.168.1.2&apos;, os.name: &apos;Windows 10&apos;, os.arch: &apos;amd64&apos;, os.version: &apos;10.0&apos;, java.version: &apos;17.0.1&apos;
Driver info: driver.version: unknown
	at org.openqa.selenium.support.ui.Select.findOptionsByValue(Select.java:283)
	at org.openqa.selenium.support.ui.Select.selectByValue(Select.java:186)
	at Pages.HomePage.ChangeBranch(HomePage.java:301)
	at SRSproject.SRSproject.ChangeBranch_shipto_Test.ChangeBranch_Validation(ChangeBranch_shipto_Test.java:44)
	at java.base/java.util.ArrayList.forEach(ArrayList.java:1511)
... Removed 27 stack frames</div></td></tr></table><p class="totop"><a href="#summary">back to summary</a></p>
<h3 id="m3">SRSproject.SRSproject.QuickOrderPadTest#Quick_OrderPad_Validation</h3><table class="result"><tr><th>Exception</th></tr><tr><td><div class="stacktrace">java.lang.IndexOutOfBoundsException: Index 0 out of bounds for length 0
	at java.base/jdk.internal.util.Preconditions.outOfBounds(Preconditions.java:64)
	at java.base/jdk.internal.util.Preconditions.outOfBoundsCheckIndex(Preconditions.java:70)
	at java.base/jdk.internal.util.Preconditions.checkIndex(Preconditions.java:266)
	at java.base/java.util.Objects.checkIndex(Objects.java:359)
	at java.base/java.util.ArrayList.get(ArrayList.java:427)
	at Pages.QuickOrderPadPage.QuickOrder_Click(QuickOrderPadPage.java:113)
	at SRSproject.SRSproject.QuickOrderPadTest.Quick_OrderPad_Validation(QuickOrderPadTest.java:57)
	at java.base/java.util.ArrayList.forEach(ArrayList.java:1511)
... Removed 27 stack frames</div></td></tr></table><p class="totop"><a href="#summary">back to summary</a></p>
<h3 id="m4">SRSproject.SRSproject.ReorderPage_Test#CreateNewReorder_Redirection</h3><table class="result"><tr><th>Exception</th></tr><tr><td><div class="stacktrace">org.openqa.selenium.NoSuchElementException: no such element: Unable to locate element: {&quot;method&quot;:&quot;xpath&quot;,&quot;selector&quot;:&quot;//*[@id=&quot;maincontent&quot;]/div[2]/div[1]/div[3]/a[1]&quot;}
  (Session info: chrome=100.0.4896.127)
For documentation on this error, please visit: https://www.seleniumhq.org/exceptions/no_such_element.html
Build info: version: &apos;3.141.59&apos;, revision: &apos;e82be7d358&apos;, time: &apos;2018-11-14T08:17:03&apos;
System info: host: &apos;L295-W-MARIRAJP&apos;, ip: &apos;192.168.1.2&apos;, os.name: &apos;Windows 10&apos;, os.arch: &apos;amd64&apos;, os.version: &apos;10.0&apos;, java.version: &apos;17.0.1&apos;
Driver info: org.openqa.selenium.chrome.ChromeDriver
Capabilities {acceptInsecureCerts: false, browserName: chrome, browserVersion: 100.0.4896.127, chrome: {chromedriverVersion: 100.0.4896.60 (6a5d10861ce8..., userDataDir: C:\Users\DELL\AppData\Local...}, goog:chromeOptions: {debuggerAddress: localhost:62108}, javascriptEnabled: true, networkConnectionEnabled: false, pageLoadStrategy: normal, platform: WINDOWS, platformName: WINDOWS, proxy: Proxy(), setWindowRect: true, strictFileInteractability: false, timeouts: {implicit: 0, pageLoad: 300000, script: 30000}, unhandledPromptBehavior: dismiss and notify, webauthn:extension:credBlob: true, webauthn:extension:largeBlob: true, webauthn:virtualAuthenticators: true}
Session ID: 09e6f65dcac40509873b0aa1f4c925ef
*** Element info: {Using=xpath, value=//*[@id=&quot;maincontent&quot;]/div[2]/div[1]/div[3]/a[1]}
	at org.openqa.selenium.remote.http.W3CHttpResponseCodec.createException(W3CHttpResponseCodec.java:187)
	at org.openqa.selenium.remote.http.W3CHttpResponseCodec.decode(W3CHttpResponseCodec.java:122)
	at org.openqa.selenium.remote.http.W3CHttpResponseCodec.decode(W3CHttpResponseCodec.java:49)
	at org.openqa.selenium.remote.HttpCommandExecutor.execute(HttpCommandExecutor.java:158)
	at org.openqa.selenium.remote.service.DriverCommandExecutor.execute(DriverCommandExecutor.java:83)
	at org.openqa.selenium.remote.RemoteWebDriver.execute(RemoteWebDriver.java:552)
	at org.openqa.selenium.remote.RemoteWebDriver.findElement(RemoteWebDriver.java:323)
	at org.openqa.selenium.remote.RemoteWebDriver.findElementByXPath(RemoteWebDriver.java:428)
	at org.openqa.selenium.By$ByXPath.findElement(By.java:353)
	at org.openqa.selenium.remote.RemoteWebDriver.findElement(RemoteWebDriver.java:315)
	at org.openqa.selenium.support.pagefactory.DefaultElementLocator.findElement(DefaultElementLocator.java:69)
	at org.openqa.selenium.support.pagefactory.internal.LocatingElementHandler.invoke(LocatingElementHandler.java:38)
	at jdk.proxy2/jdk.proxy2.$Proxy11.click(Unknown Source)
	at SRSproject.SRSproject.ReorderPage_Test.CreateNewReorder_Redirection(ReorderPage_Test.java:104)
	at java.base/java.util.ArrayList.forEach(ArrayList.java:1511)
... Removed 31 stack frames</div></td></tr></table><p class="totop"><a href="#summary">back to summary</a></p>
<h3 id="m5">SRSproject.SRSproject.ReorderPage_Test#SaveAnReorderList_Validation</h3><table class="result"><tr><th>Exception</th></tr><tr><td><div class="stacktrace">org.openqa.selenium.ElementClickInterceptedException: element click intercepted: Element &lt;button type=&quot;submit&quot; title=&quot;Save &amp;amp; Close&quot; class=&quot;action save primary&quot; data-action=&quot;submit-quick-order&quot;&gt;...&lt;/button&gt; is not clickable at point (1015, 451). Other element would receive the click: &lt;input class=&quot;amqorder-input -search&quot; type=&quot;search&quot; data-amqorder-js=&quot;search-input&quot; data-bind=&quot;attr: { placeholder: search_placeholder }, event: { click: search, input: search }&quot; placeholder=&quot;Product Name/SKU or #&quot;&gt;
  (Session info: chrome=100.0.4896.127)
Build info: version: &apos;3.141.59&apos;, revision: &apos;e82be7d358&apos;, time: &apos;2018-11-14T08:17:03&apos;
System info: host: &apos;L295-W-MARIRAJP&apos;, ip: &apos;192.168.1.2&apos;, os.name: &apos;Windows 10&apos;, os.arch: &apos;amd64&apos;, os.version: &apos;10.0&apos;, java.version: &apos;17.0.1&apos;
Driver info: org.openqa.selenium.chrome.ChromeDriver
Capabilities {acceptInsecureCerts: false, browserName: chrome, browserVersion: 100.0.4896.127, chrome: {chromedriverVersion: 100.0.4896.60 (6a5d10861ce8..., userDataDir: C:\Users\DELL\AppData\Local...}, goog:chromeOptions: {debuggerAddress: localhost:62108}, javascriptEnabled: true, networkConnectionEnabled: false, pageLoadStrategy: normal, platform: WINDOWS, platformName: WINDOWS, proxy: Proxy(), setWindowRect: true, strictFileInteractability: false, timeouts: {implicit: 0, pageLoad: 300000, script: 30000}, unhandledPromptBehavior: dismiss and notify, webauthn:extension:credBlob: true, webauthn:extension:largeBlob: true, webauthn:virtualAuthenticators: true}
Session ID: 09e6f65dcac40509873b0aa1f4c925ef
	at org.openqa.selenium.remote.http.W3CHttpResponseCodec.createException(W3CHttpResponseCodec.java:187)
	at org.openqa.selenium.remote.http.W3CHttpResponseCodec.decode(W3CHttpResponseCodec.java:122)
	at org.openqa.selenium.remote.http.W3CHttpResponseCodec.decode(W3CHttpResponseCodec.java:49)
	at org.openqa.selenium.remote.HttpCommandExecutor.execute(HttpCommandExecutor.java:158)
	at org.openqa.selenium.remote.service.DriverCommandExecutor.execute(DriverCommandExecutor.java:83)
	at org.openqa.selenium.remote.RemoteWebDriver.execute(RemoteWebDriver.java:552)
	at org.openqa.selenium.remote.RemoteWebElement.execute(RemoteWebElement.java:285)
	at org.openqa.selenium.remote.RemoteWebElement.click(RemoteWebElement.java:84)
	at org.openqa.selenium.support.pagefactory.internal.LocatingElementHandler.invoke(LocatingElementHandler.java:51)
	at jdk.proxy2/jdk.proxy2.$Proxy11.click(Unknown Source)
	at SRSproject.SRSproject.ReorderPage_Test.SaveAnReorderList_Validation(ReorderPage_Test.java:72)
	at java.base/java.util.ArrayList.forEach(ArrayList.java:1511)
... Removed 35 stack frames</div></td></tr></table><p class="totop"><a href="#summary">back to summary</a></p>
<h3 id="m6">SRSproject.SRSproject.ReorderPage_Test#View_Validation</h3><table class="result"><tr><th>Exception</th></tr><tr><td><div class="stacktrace">org.openqa.selenium.NoSuchElementException: no such element: Unable to locate element: {&quot;method&quot;:&quot;xpath&quot;,&quot;selector&quot;:&quot;//div[contains(text(),&apos;Items have been successfully added to your Cart&apos;)]&quot;}
  (Session info: chrome=100.0.4896.127)
For documentation on this error, please visit: https://www.seleniumhq.org/exceptions/no_such_element.html
Build info: version: &apos;3.141.59&apos;, revision: &apos;e82be7d358&apos;, time: &apos;2018-11-14T08:17:03&apos;
System info: host: &apos;L295-W-MARIRAJP&apos;, ip: &apos;192.168.1.2&apos;, os.name: &apos;Windows 10&apos;, os.arch: &apos;amd64&apos;, os.version: &apos;10.0&apos;, java.version: &apos;17.0.1&apos;
Driver info: org.openqa.selenium.chrome.ChromeDriver
Capabilities {acceptInsecureCerts: false, browserName: chrome, browserVersion: 100.0.4896.127, chrome: {chromedriverVersion: 100.0.4896.60 (6a5d10861ce8..., userDataDir: C:\Users\DELL\AppData\Local...}, goog:chromeOptions: {debuggerAddress: localhost:62108}, javascriptEnabled: true, networkConnectionEnabled: false, pageLoadStrategy: normal, platform: WINDOWS, platformName: WINDOWS, proxy: Proxy(), setWindowRect: true, strictFileInteractability: false, timeouts: {implicit: 0, pageLoad: 300000, script: 30000}, unhandledPromptBehavior: dismiss and notify, webauthn:extension:credBlob: true, webauthn:extension:largeBlob: true, webauthn:virtualAuthenticators: true}
Session ID: 09e6f65dcac40509873b0aa1f4c925ef
*** Element info: {Using=xpath, value=//div[contains(text(),&apos;Items have been successfully added to your Cart&apos;)]}
	at org.openqa.selenium.remote.http.W3CHttpResponseCodec.createException(W3CHttpResponseCodec.java:187)
	at org.openqa.selenium.remote.http.W3CHttpResponseCodec.decode(W3CHttpResponseCodec.java:122)
	at org.openqa.selenium.remote.http.W3CHttpResponseCodec.decode(W3CHttpResponseCodec.java:49)
	at org.openqa.selenium.remote.HttpCommandExecutor.execute(HttpCommandExecutor.java:158)
	at org.openqa.selenium.remote.service.DriverCommandExecutor.execute(DriverCommandExecutor.java:83)
	at org.openqa.selenium.remote.RemoteWebDriver.execute(RemoteWebDriver.java:552)
	at org.openqa.selenium.remote.RemoteWebDriver.findElement(RemoteWebDriver.java:323)
	at org.openqa.selenium.remote.RemoteWebDriver.findElementByXPath(RemoteWebDriver.java:428)
	at org.openqa.selenium.By$ByXPath.findElement(By.java:353)
	at org.openqa.selenium.remote.RemoteWebDriver.findElement(RemoteWebDriver.java:315)
	at org.openqa.selenium.support.pagefactory.DefaultElementLocator.findElement(DefaultElementLocator.java:69)
	at org.openqa.selenium.support.pagefactory.internal.LocatingElementHandler.invoke(LocatingElementHandler.java:38)
	at jdk.proxy2/jdk.proxy2.$Proxy11.getText(Unknown Source)
	at Pages.Reorder_Page.Items_addtocart_msg(Reorder_Page.java:176)
	at SRSproject.SRSproject.ReorderPage_Test.View_Validation(ReorderPage_Test.java:149)
	at java.base/java.util.ArrayList.forEach(ArrayList.java:1511)
... Removed 31 stack frames</div></td></tr></table><p class="totop"><a href="#summary">back to summary</a></p>
<h3 id="m7">SRSproject.SRSproject.BulkOrderPadTest#AddAll_ItemToCart_Validation</h3><table class="result"><tr><th>Messages</th></tr><tr><td><div class="messages">Items added to cart</div></td></tr></table><p class="totop"><a href="#summary">back to summary</a></p>
<h3 id="m8">SRSproject.SRSproject.BulkOrderPadTest#AddItemtoBulkOrder_Validation</h3><table class="result"><tr><th>Messages</th></tr><tr><td><div class="messages">Items added to bulk order as expected</div></td></tr></table><p class="totop"><a href="#summary">back to summary</a></p>
<h3 id="m9">SRSproject.SRSproject.BulkOrderPadTest#AddNewLineItem_Validation</h3><table class="result"><tr><th>Messages</th></tr><tr><td><div class="messages">Items added to bulk order as expected</div></td></tr></table><p class="totop"><a href="#summary">back to summary</a></p>
<h3 id="m10">SRSproject.SRSproject.BulkOrderPadTest#BulOrder_Redirection</h3><table class="result"><tr><th class="invisible"/></tr></table><p class="totop"><a href="#summary">back to summary</a></p>
<h3 id="m11">SRSproject.SRSproject.BulkOrderPadTest#InValid_FileUpload_Validation</h3><table class="result"><tr><th>Messages</th></tr><tr><td><div class="messages">Valid Items are uploaded</div></td></tr></table><p class="totop"><a href="#summary">back to summary</a></p>
<h3 id="m12">SRSproject.SRSproject.BulkOrderPadTest#UpdateQunatity_Validation</h3><table class="result"><tr><th>Messages</th></tr><tr><td><div class="messages">Items added to bulk order as expected</div></td></tr></table><p class="totop"><a href="#summary">back to summary</a></p>
<h3 id="m13">SRSproject.SRSproject.CartPageTest#AddItemToCart_Validation</h3><table class="result"><tr><th>Messages</th></tr><tr><td><div class="messages">Able to Add items by searching them </div></td></tr></table><p class="totop"><a href="#summary">back to summary</a></p>
<h3 id="m14">SRSproject.SRSproject.CartPageTest#CartSubtotalValidationfn</h3><table class="result"><tr><th class="invisible"/></tr></table><p class="totop"><a href="#summary">back to summary</a></p>
<h3 id="m15">SRSproject.SRSproject.CartPageTest#CartUpdateValidation</h3><table class="result"><tr><th class="invisible"/></tr></table><p class="totop"><a href="#summary">back to summary</a></p>
<h3 id="m16">SRSproject.SRSproject.CartPageTest#MiniCartToCartPage_Redirection</h3><table class="result"><tr><th class="invisible"/></tr></table><p class="totop"><a href="#summary">back to summary</a></p>
<h3 id="m17">SRSproject.SRSproject.CartPageTest#ProductInformationValidation</h3><table class="result"><tr><th>Messages</th></tr><tr><td><div class="messages">Items price is same in PDP and Cart Page i.e Cart Price : 156.34 = PDP Price : 156.34</div></td></tr></table><p class="totop"><a href="#summary">back to summary</a></p>
<h3 id="m18">SRSproject.SRSproject.ChangeBranch_shipto_Test#Change_Shito_Validation</h3><table class="result"><tr><th class="invisible"/></tr></table><p class="totop"><a href="#summary">back to summary</a></p>
<h3 id="m19">SRSproject.SRSproject.CheckoutPageTest#CartToCheckout_Validation</h3><table class="result"><tr><th>Messages</th></tr><tr><td><div class="messages">Checkout</div></td></tr></table><p class="totop"><a href="#summary">back to summary</a></p>
<h3 id="m20">SRSproject.SRSproject.CheckoutPageTest#Date_Validation</h3><table class="result"><tr><th class="invisible"/></tr></table><p class="totop"><a href="#summary">back to summary</a></p>
<h3 id="m21">SRSproject.SRSproject.CheckoutPageTest#ProductList_Validation</h3><table class="result"><tr><th>Messages</th></tr><tr><td><div class="messages">Items in Cart are all added to Checkout Page successfully</div></td></tr></table><p class="totop"><a href="#summary">back to summary</a></p>
<h3 id="m22">SRSproject.SRSproject.ProductDetailPageTest#AddingItemToCart</h3><table class="result"><tr><th class="invisible"/></tr></table><p class="totop"><a href="#summary">back to summary</a></p>
<h3 id="m23">SRSproject.SRSproject.ProductDetailPageTest#PDP_RegisterRedirection_GuestValidation</h3><table class="result"><tr><th class="invisible"/></tr></table><p class="totop"><a href="#summary">back to summary</a></p>
<h3 id="m24">SRSproject.SRSproject.ProductListPageTest#AddToCart_Validation</h3><table class="result"><tr><th class="invisible"/></tr></table><p class="totop"><a href="#summary">back to summary</a></p>
<h3 id="m25">SRSproject.SRSproject.ProductListPageTest#PLP_RegisterRedirection_GuestValidation</h3><table class="result"><tr><th class="invisible"/></tr></table><p class="totop"><a href="#summary">back to summary</a></p>
<h3 id="m26">SRSproject.SRSproject.QuickOrderPadTest#Quick_OrderPad_FileUpload_Validation</h3><table class="result"><tr><th class="invisible"/></tr></table><p class="totop"><a href="#summary">back to summary</a></p>
<h3 id="m27">SRSproject.SRSproject.QuickOrderPadTest#Quick_OrderPad_InvalidFileUpload_Validation</h3><table class="result"><tr><th class="invisible"/></tr></table><p class="totop"><a href="#summary">back to summary</a></p>
<h3 id="m28">SRSproject.SRSproject.QuickOrderPadTest#Quick_OrderPad_UploadedtoBulkOrder_Validation</h3><table class="result"><tr><th class="invisible"/></tr></table><p class="totop"><a href="#summary">back to summary</a></p>
<h3 id="m29">SRSproject.SRSproject.ReorderPage_Test#CreateNew_ReorderPad_Validation</h3><table class="result"><tr><th>Messages</th></tr><tr><td><div class="messages">Able to create new reorder pad</div></td></tr></table><p class="totop"><a href="#summary">back to summary</a></p>
<h3 id="m30">SRSproject.SRSproject.ReorderPage_Test#InvalidFile_Validation</h3><table class="result"><tr><th class="invisible"/></tr></table><p class="totop"><a href="#summary">back to summary</a></p>
<h3 id="m31">SRSproject.SRSproject.ReorderPage_Test#ReorderPage_Redirection</h3><table class="result"><tr><th class="invisible"/></tr></table><p class="totop"><a href="#summary">back to summary</a></p>
<h3 id="m32">SRSproject.SRSproject.ReorderPage_Test#UploadFile_Redirection</h3><table class="result"><tr><th class="invisible"/></tr></table><p class="totop"><a href="#summary">back to summary</a></p>
</body>
</html>
